[debug] [2026-06-19T14:32:12.958Z] [Firebase Plugin] Activating Firebase extension.
[debug] [2026-06-19T14:32:30.559Z] [Firebase Plugin] requireAuthWrapper
[debug] [2026-06-19T14:32:30.560Z] > command requires scopes: ["email","openid","https://www.googleapis.com/auth/cloudplatformprojects.readonly","https://www.googleapis.com/auth/firebase","https://www.googleapis.com/auth/cloud-platform"]
[debug] [2026-06-19T14:32:30.561Z] > authorizing via signed-in user (digalservices@gmail.com)
[debug] [2026-06-19T14:32:30.563Z] Checked if tokens are valid: false, expires at: 1781863120623
[debug] [2026-06-19T14:32:30.564Z] Checked if tokens are valid: false, expires at: 1781863120623
[debug] [2026-06-19T14:32:30.564Z] > refreshing access token with scopes: []
[debug] [2026-06-19T14:32:30.565Z] >>> [apiv2][query] POST https://www.googleapis.com/oauth2/v3/token [none]
[debug] [2026-06-19T14:32:30.565Z] >>> [apiv2][body] POST https://www.googleapis.com/oauth2/v3/token [omitted]
[debug] [2026-06-19T14:32:30.574Z] [Firebase Plugin] VSCode notification server listening on port 40001
[info] [Firebase Plugin] Starting SQL Connect toolkit (version 3.4.11) on port 50001
[debug] [2026-06-19T14:32:32.155Z] 'fdc build' failed with error: Unable to build your SQL Connect schema and connectors (exit code 1): E0619 20:02:32.144811   22372 cmd.go:43] Error loading data connect config: could not find dataconnect.yaml in `f:\JOB BOARD\dataconnect`
 {"metadata":{"emulator":{"name":"dataconnect"},"message":"'fdc build' failed with error: Unable to build your SQL Connect schema and connectors (exit code 1): E0619 20:02:32.144811   22372 cmd.go:43] Error loading data connect config: could not find dataconnect.yaml in `f:\\JOB BOARD\\dataconnect`\n"}}
[debug] [2026-06-19T14:32:32.157Z] Ignoring unsupported arg: auto_download {"metadata":{"emulator":{"name":"dataconnect"},"message":"Ignoring unsupported arg: auto_download"}}
[debug] [2026-06-19T14:32:32.157Z] Ignoring unsupported arg: port {"metadata":{"emulator":{"name":"dataconnect"},"message":"Ignoring unsupported arg: port"}}
[debug] [2026-06-19T14:32:32.157Z] Starting SQL Connect Emulator with command {"binary":"C:\\Users\\SMRUTI\\.cache\\firebase\\emulators\\dataconnect-emulator-3.4.11.exe","args":["--logtostderr","-v=2","dev","--listen=localhost:50001","--config_dir=f:\\JOB BOARD\\dataconnect","--enable_output_schema_extensions=true","--enable_output_generated_sdk=true"],"optionalArgs":["listen","config_dir","enable_output_schema_extensions","enable_output_generated_sdk"],"joinArgs":true,"shell":false,"port":9399} {"metadata":{"emulator":{"name":"dataconnect"},"message":"Starting SQL Connect Emulator with command {\"binary\":\"C:\\\\Users\\\\SMRUTI\\\\.cache\\\\firebase\\\\emulators\\\\dataconnect-emulator-3.4.11.exe\",\"args\":[\"--logtostderr\",\"-v=2\",\"dev\",\"--listen=localhost:50001\",\"--config_dir=f:\\\\JOB BOARD\\\\dataconnect\",\"--enable_output_schema_extensions=true\",\"--enable_output_generated_sdk=true\"],\"optionalArgs\":[\"listen\",\"config_dir\",\"enable_output_schema_extensions\",\"enable_output_generated_sdk\"],\"joinArgs\":true,\"shell\":false,\"port\":9399}"}}
[info] i  dataconnect: SQL Connect Emulator logging to dataconnect-debug.log {"metadata":{"emulator":{"name":"dataconnect"},"message":"SQL Connect Emulator logging to \u001b[1mdataconnect-debug.log\u001b[22m"}}
[debug] [2026-06-19T14:32:32.568Z] E0619 20:02:32.207732   17080 dev.go:83] Failed to load initial config from "f:\\JOB BOARD\\dataconnect": could not find dataconnect.yaml in `f:\JOB BOARD\dataconnect`
E0619 20:02:32.208778   17080 watch.go:116] watchAllDir unable to walk dir `f:\JOB BOARD\dataconnect`: GetFileAttributesEx f:\JOB BOARD\dataconnect: The system cannot find the file specified.
I0619 20:02:32.222014   17080 dev.go:104] Listening on address (HTTP + gRPC): 127.0.0.1:50001
 {"metadata":{"emulator":{"name":"dataconnect"},"message":"E0619 20:02:32.207732   17080 dev.go:83] Failed to load initial config from \"f:\\\\JOB BOARD\\\\dataconnect\": could not find dataconnect.yaml in `f:\\JOB BOARD\\dataconnect`\nE0619 20:02:32.208778   17080 watch.go:116] watchAllDir unable to walk dir `f:\\JOB BOARD\\dataconnect`: GetFileAttributesEx f:\\JOB BOARD\\dataconnect: The system cannot find the file specified.\nI0619 20:02:32.222014   17080 dev.go:104] Listening on address (HTTP + gRPC): 127.0.0.1:50001\n"}}
[debug] [2026-06-19T14:32:34.078Z] <<< [apiv2][status] POST https://www.googleapis.com/oauth2/v3/token 200
[debug] [2026-06-19T14:32:34.079Z] <<< [apiv2][body] POST https://www.googleapis.com/oauth2/v3/token [omitted]
[debug] [2026-06-19T14:32:34.124Z] [Firebase Plugin] User found:  digalservices@gmail.com
[info] [Firebase Plugin] (Core:Project) New user detected, fetching projects
[debug] [2026-06-19T14:32:34.127Z] Checked if tokens are valid: true, expires at: 1781883153079
[debug] [2026-06-19T14:32:34.129Z] >>> [apiv2][query] GET https://firebase.googleapis.com/v1beta1/projects pageSize=1000
[debug] [2026-06-19T14:32:35.062Z] <<< [apiv2][status] GET https://firebase.googleapis.com/v1beta1/projects 200
[debug] [2026-06-19T14:32:35.062Z] <<< [apiv2][body] GET https://firebase.googleapis.com/v1beta1/projects [omitted]
[debug] [2026-06-19T14:32:42.209Z] E0619 20:02:42.210852   17080 watch.go:40] Failed to load config from "f:\\JOB BOARD\\dataconnect": could not find dataconnect.yaml in `f:\JOB BOARD\dataconnect`
 {"metadata":{"emulator":{"name":"dataconnect"},"message":"E0619 20:02:42.210852   17080 watch.go:40] Failed to load config from \"f:\\\\JOB BOARD\\\\dataconnect\": could not find dataconnect.yaml in `f:\\JOB BOARD\\dataconnect`\n"}}
[debug] [2026-06-19T14:32:52.345Z] E0619 20:02:52.210170   17080 watch.go:40] Failed to load config from "f:\\JOB BOARD\\dataconnect": could not find dataconnect.yaml in `f:\JOB BOARD\dataconnect`
 {"metadata":{"emulator":{"name":"dataconnect"},"message":"E0619 20:02:52.210170   17080 watch.go:40] Failed to load config from \"f:\\\\JOB BOARD\\\\dataconnect\": could not find dataconnect.yaml in `f:\\JOB BOARD\\dataconnect`\n"}}
[debug] [2026-06-19T14:33:02.208Z] E0619 20:03:02.210329   17080 watch.go:40] Failed to load config from "f:\\JOB BOARD\\dataconnect": could not find dataconnect.yaml in `f:\JOB BOARD\dataconnect`
 {"metadata":{"emulator":{"name":"dataconnect"},"message":"E0619 20:03:02.210329   17080 watch.go:40] Failed to load config from \"f:\\\\JOB BOARD\\\\dataconnect\": could not find dataconnect.yaml in `f:\\JOB BOARD\\dataconnect`\n"}}
[debug] [2026-06-19T14:33:12.208Z] E0619 20:03:12.210200   17080 watch.go:40] Failed to load config from "f:\\JOB BOARD\\dataconnect": could not find dataconnect.yaml in `f:\JOB BOARD\dataconnect`
 {"metadata":{"emulator":{"name":"dataconnect"},"message":"E0619 20:03:12.210200   17080 watch.go:40] Failed to load config from \"f:\\\\JOB BOARD\\\\dataconnect\": could not find dataconnect.yaml in `f:\\JOB BOARD\\dataconnect`\n"}}
[debug] [2026-06-19T14:33:22.485Z] E0619 20:03:22.210039   17080 watch.go:40] Failed to load config from "f:\\JOB BOARD\\dataconnect": could not find dataconnect.yaml in `f:\JOB BOARD\dataconnect`
 {"metadata":{"emulator":{"name":"dataconnect"},"message":"E0619 20:03:22.210039   17080 watch.go:40] Failed to load config from \"f:\\\\JOB BOARD\\\\dataconnect\": could not find dataconnect.yaml in `f:\\JOB BOARD\\dataconnect`\n"}}
[debug] [2026-06-19T14:33:32.208Z] E0619 20:03:32.210404   17080 watch.go:116] watchAllDir unable to walk dir `f:\JOB BOARD\dataconnect`: GetFileAttributesEx f:\JOB BOARD\dataconnect: The system cannot find the file specified.
E0619 20:03:32.210404   17080 watch.go:40] Failed to load config from "f:\\JOB BOARD\\dataconnect": could not find dataconnect.yaml in `f:\JOB BOARD\dataconnect`
 {"metadata":{"emulator":{"name":"dataconnect"},"message":"E0619 20:03:32.210404   17080 watch.go:116] watchAllDir unable to walk dir `f:\\JOB BOARD\\dataconnect`: GetFileAttributesEx f:\\JOB BOARD\\dataconnect: The system cannot find the file specified.\nE0619 20:03:32.210404   17080 watch.go:40] Failed to load config from \"f:\\\\JOB BOARD\\\\dataconnect\": could not find dataconnect.yaml in `f:\\JOB BOARD\\dataconnect`\n"}}
[debug] [2026-06-19T14:33:42.210Z] E0619 20:03:42.211774   17080 watch.go:40] Failed to load config from "f:\\JOB BOARD\\dataconnect": could not find dataconnect.yaml in `f:\JOB BOARD\dataconnect`
 {"metadata":{"emulator":{"name":"dataconnect"},"message":"E0619 20:03:42.211774   17080 watch.go:40] Failed to load config from \"f:\\\\JOB BOARD\\\\dataconnect\": could not find dataconnect.yaml in `f:\\JOB BOARD\\dataconnect`\n"}}
[debug] [2026-06-19T14:33:52.208Z] E0619 20:03:52.210301   17080 watch.go:40] Failed to load config from "f:\\JOB BOARD\\dataconnect": could not find dataconnect.yaml in `f:\JOB BOARD\dataconnect`
 {"metadata":{"emulator":{"name":"dataconnect"},"message":"E0619 20:03:52.210301   17080 watch.go:40] Failed to load config from \"f:\\\\JOB BOARD\\\\dataconnect\": could not find dataconnect.yaml in `f:\\JOB BOARD\\dataconnect`\n"}}
[debug] [2026-06-19T14:34:02.210Z] E0619 20:04:02.210108   17080 watch.go:40] Failed to load config from "f:\\JOB BOARD\\dataconnect": could not find dataconnect.yaml in `f:\JOB BOARD\dataconnect`
 {"metadata":{"emulator":{"name":"dataconnect"},"message":"E0619 20:04:02.210108   17080 watch.go:40] Failed to load config from \"f:\\\\JOB BOARD\\\\dataconnect\": could not find dataconnect.yaml in `f:\\JOB BOARD\\dataconnect`\n"}}
[debug] [2026-06-19T14:34:12.210Z] E0619 20:04:12.210272   17080 watch.go:40] Failed to load config from "f:\\JOB BOARD\\dataconnect": could not find dataconnect.yaml in `f:\JOB BOARD\dataconnect`
 {"metadata":{"emulator":{"name":"dataconnect"},"message":"E0619 20:04:12.210272   17080 watch.go:40] Failed to load config from \"f:\\\\JOB BOARD\\\\dataconnect\": could not find dataconnect.yaml in `f:\\JOB BOARD\\dataconnect`\n"}}
[debug] [2026-06-19T14:34:22.210Z] E0619 20:04:22.210316   17080 watch.go:40] Failed to load config from "f:\\JOB BOARD\\dataconnect": could not find dataconnect.yaml in `f:\JOB BOARD\dataconnect`
 {"metadata":{"emulator":{"name":"dataconnect"},"message":"E0619 20:04:22.210316   17080 watch.go:40] Failed to load config from \"f:\\\\JOB BOARD\\\\dataconnect\": could not find dataconnect.yaml in `f:\\JOB BOARD\\dataconnect`\n"}}
[debug] [2026-06-19T14:34:32.211Z] E0619 20:04:32.210939   17080 watch.go:116] watchAllDir unable to walk dir `f:\JOB BOARD\dataconnect`: GetFileAttributesEx f:\JOB BOARD\dataconnect: The system cannot find the file specified.
 {"metadata":{"emulator":{"name":"dataconnect"},"message":"E0619 20:04:32.210939   17080 watch.go:116] watchAllDir unable to walk dir `f:\\JOB BOARD\\dataconnect`: GetFileAttributesEx f:\\JOB BOARD\\dataconnect: The system cannot find the file specified.\n"}}
[debug] [2026-06-19T14:34:32.212Z] E0619 20:04:32.211474   17080 watch.go:40] Failed to load config from "f:\\JOB BOARD\\dataconnect": could not find dataconnect.yaml in `f:\JOB BOARD\dataconnect`
 {"metadata":{"emulator":{"name":"dataconnect"},"message":"E0619 20:04:32.211474   17080 watch.go:40] Failed to load config from \"f:\\\\JOB BOARD\\\\dataconnect\": could not find dataconnect.yaml in `f:\\JOB BOARD\\dataconnect`\n"}}
[debug] [2026-06-19T14:34:42.211Z] E0619 20:04:42.210656   17080 watch.go:40] Failed to load config from "f:\\JOB BOARD\\dataconnect": could not find dataconnect.yaml in `f:\JOB BOARD\dataconnect`
 {"metadata":{"emulator":{"name":"dataconnect"},"message":"E0619 20:04:42.210656   17080 watch.go:40] Failed to load config from \"f:\\\\JOB BOARD\\\\dataconnect\": could not find dataconnect.yaml in `f:\\JOB BOARD\\dataconnect`\n"}}
[debug] [2026-06-19T14:34:52.211Z] E0619 20:04:52.210844   17080 watch.go:40] Failed to load config from "f:\\JOB BOARD\\dataconnect": could not find dataconnect.yaml in `f:\JOB BOARD\dataconnect`
 {"metadata":{"emulator":{"name":"dataconnect"},"message":"E0619 20:04:52.210844   17080 watch.go:40] Failed to load config from \"f:\\\\JOB BOARD\\\\dataconnect\": could not find dataconnect.yaml in `f:\\JOB BOARD\\dataconnect`\n"}}
[debug] [2026-06-19T14:35:02.210Z] E0619 20:05:02.210131   17080 watch.go:40] Failed to load config from "f:\\JOB BOARD\\dataconnect": could not find dataconnect.yaml in `f:\JOB BOARD\dataconnect`
 {"metadata":{"emulator":{"name":"dataconnect"},"message":"E0619 20:05:02.210131   17080 watch.go:40] Failed to load config from \"f:\\\\JOB BOARD\\\\dataconnect\": could not find dataconnect.yaml in `f:\\JOB BOARD\\dataconnect`\n"}}
[debug] [2026-06-19T14:35:12.210Z] E0619 20:05:12.210380   17080 watch.go:40] Failed to load config from "f:\\JOB BOARD\\dataconnect": could not find dataconnect.yaml in `f:\JOB BOARD\dataconnect`
 {"metadata":{"emulator":{"name":"dataconnect"},"message":"E0619 20:05:12.210380   17080 watch.go:40] Failed to load config from \"f:\\\\JOB BOARD\\\\dataconnect\": could not find dataconnect.yaml in `f:\\JOB BOARD\\dataconnect`\n"}}
[debug] [2026-06-19T14:35:22.211Z] E0619 20:05:22.211498   17080 watch.go:40] Failed to load config from "f:\\JOB BOARD\\dataconnect": could not find dataconnect.yaml in `f:\JOB BOARD\dataconnect`
 {"metadata":{"emulator":{"name":"dataconnect"},"message":"E0619 20:05:22.211498   17080 watch.go:40] Failed to load config from \"f:\\\\JOB BOARD\\\\dataconnect\": could not find dataconnect.yaml in `f:\\JOB BOARD\\dataconnect`\n"}}
[debug] [2026-06-19T14:35:32.210Z] E0619 20:05:32.210421   17080 watch.go:40] Failed to load config from "f:\\JOB BOARD\\dataconnect": could not find dataconnect.yaml in `f:\JOB BOARD\dataconnect`
E0619 20:05:32.210421   17080 watch.go:116] watchAllDir unable to walk dir `f:\JOB BOARD\dataconnect`: GetFileAttributesEx f:\JOB BOARD\dataconnect: The system cannot find the file specified.
 {"metadata":{"emulator":{"name":"dataconnect"},"message":"E0619 20:05:32.210421   17080 watch.go:40] Failed to load config from \"f:\\\\JOB BOARD\\\\dataconnect\": could not find dataconnect.yaml in `f:\\JOB BOARD\\dataconnect`\nE0619 20:05:32.210421   17080 watch.go:116] watchAllDir unable to walk dir `f:\\JOB BOARD\\dataconnect`: GetFileAttributesEx f:\\JOB BOARD\\dataconnect: The system cannot find the file specified.\n"}}
[debug] [2026-06-19T14:35:42.210Z] E0619 20:05:42.210518   17080 watch.go:40] Failed to load config from "f:\\JOB BOARD\\dataconnect": could not find dataconnect.yaml in `f:\JOB BOARD\dataconnect`
 {"metadata":{"emulator":{"name":"dataconnect"},"message":"E0619 20:05:42.210518   17080 watch.go:40] Failed to load config from \"f:\\\\JOB BOARD\\\\dataconnect\": could not find dataconnect.yaml in `f:\\JOB BOARD\\dataconnect`\n"}}
[debug] [2026-06-19T14:35:52.211Z] E0619 20:05:52.210797   17080 watch.go:40] Failed to load config from "f:\\JOB BOARD\\dataconnect": could not find dataconnect.yaml in `f:\JOB BOARD\dataconnect`
 {"metadata":{"emulator":{"name":"dataconnect"},"message":"E0619 20:05:52.210797   17080 watch.go:40] Failed to load config from \"f:\\\\JOB BOARD\\\\dataconnect\": could not find dataconnect.yaml in `f:\\JOB BOARD\\dataconnect`\n"}}
[debug] [2026-06-19T14:36:02.213Z] E0619 20:06:02.212085   17080 watch.go:40] Failed to load config from "f:\\JOB BOARD\\dataconnect": could not find dataconnect.yaml in `f:\JOB BOARD\dataconnect`
 {"metadata":{"emulator":{"name":"dataconnect"},"message":"E0619 20:06:02.212085   17080 watch.go:40] Failed to load config from \"f:\\\\JOB BOARD\\\\dataconnect\": could not find dataconnect.yaml in `f:\\JOB BOARD\\dataconnect`\n"}}
[debug] [2026-06-19T14:36:12.211Z] E0619 20:06:12.211148   17080 watch.go:40] Failed to load config from "f:\\JOB BOARD\\dataconnect": could not find dataconnect.yaml in `f:\JOB BOARD\dataconnect`
 {"metadata":{"emulator":{"name":"dataconnect"},"message":"E0619 20:06:12.211148   17080 watch.go:40] Failed to load config from \"f:\\\\JOB BOARD\\\\dataconnect\": could not find dataconnect.yaml in `f:\\JOB BOARD\\dataconnect`\n"}}
[debug] [2026-06-19T14:36:22.211Z] E0619 20:06:22.210595   17080 watch.go:40] Failed to load config from "f:\\JOB BOARD\\dataconnect": could not find dataconnect.yaml in `f:\JOB BOARD\dataconnect`
 {"metadata":{"emulator":{"name":"dataconnect"},"message":"E0619 20:06:22.210595   17080 watch.go:40] Failed to load config from \"f:\\\\JOB BOARD\\\\dataconnect\": could not find dataconnect.yaml in `f:\\JOB BOARD\\dataconnect`\n"}}
[debug] [2026-06-19T14:36:32.210Z] E0619 20:06:32.210007   17080 watch.go:116] watchAllDir unable to walk dir `f:\JOB BOARD\dataconnect`: GetFileAttributesEx f:\JOB BOARD\dataconnect: The system cannot find the file specified.
E0619 20:06:32.210007   17080 watch.go:40] Failed to load config from "f:\\JOB BOARD\\dataconnect": could not find dataconnect.yaml in `f:\JOB BOARD\dataconnect`
 {"metadata":{"emulator":{"name":"dataconnect"},"message":"E0619 20:06:32.210007   17080 watch.go:116] watchAllDir unable to walk dir `f:\\JOB BOARD\\dataconnect`: GetFileAttributesEx f:\\JOB BOARD\\dataconnect: The system cannot find the file specified.\nE0619 20:06:32.210007   17080 watch.go:40] Failed to load config from \"f:\\\\JOB BOARD\\\\dataconnect\": could not find dataconnect.yaml in `f:\\JOB BOARD\\dataconnect`\n"}}
[debug] [2026-06-19T14:36:42.220Z] E0619 20:06:42.212613   17080 watch.go:40] Failed to load config from "f:\\JOB BOARD\\dataconnect": could not find dataconnect.yaml in `f:\JOB BOARD\dataconnect`
 {"metadata":{"emulator":{"name":"dataconnect"},"message":"E0619 20:06:42.212613   17080 watch.go:40] Failed to load config from \"f:\\\\JOB BOARD\\\\dataconnect\": could not find dataconnect.yaml in `f:\\JOB BOARD\\dataconnect`\n"}}
[debug] [2026-06-19T14:36:52.211Z] E0619 20:06:52.210648   17080 watch.go:40] Failed to load config from "f:\\JOB BOARD\\dataconnect": could not find dataconnect.yaml in `f:\JOB BOARD\dataconnect`
 {"metadata":{"emulator":{"name":"dataconnect"},"message":"E0619 20:06:52.210648   17080 watch.go:40] Failed to load config from \"f:\\\\JOB BOARD\\\\dataconnect\": could not find dataconnect.yaml in `f:\\JOB BOARD\\dataconnect`\n"}}
[debug] [2026-06-19T14:37:02.211Z] E0619 20:07:02.210799   17080 watch.go:40] Failed to load config from "f:\\JOB BOARD\\dataconnect": could not find dataconnect.yaml in `f:\JOB BOARD\dataconnect`
 {"metadata":{"emulator":{"name":"dataconnect"},"message":"E0619 20:07:02.210799   17080 watch.go:40] Failed to load config from \"f:\\\\JOB BOARD\\\\dataconnect\": could not find dataconnect.yaml in `f:\\JOB BOARD\\dataconnect`\n"}}
[debug] [2026-06-19T14:37:12.210Z] E0619 20:07:12.210645   17080 watch.go:40] Failed to load config from "f:\\JOB BOARD\\dataconnect": could not find dataconnect.yaml in `f:\JOB BOARD\dataconnect`
 {"metadata":{"emulator":{"name":"dataconnect"},"message":"E0619 20:07:12.210645   17080 watch.go:40] Failed to load config from \"f:\\\\JOB BOARD\\\\dataconnect\": could not find dataconnect.yaml in `f:\\JOB BOARD\\dataconnect`\n"}}
[debug] [2026-06-19T14:37:22.209Z] E0619 20:07:22.210019   17080 watch.go:40] Failed to load config from "f:\\JOB BOARD\\dataconnect": could not find dataconnect.yaml in `f:\JOB BOARD\dataconnect`
 {"metadata":{"emulator":{"name":"dataconnect"},"message":"E0619 20:07:22.210019   17080 watch.go:40] Failed to load config from \"f:\\\\JOB BOARD\\\\dataconnect\": could not find dataconnect.yaml in `f:\\JOB BOARD\\dataconnect`\n"}}
[debug] [2026-06-19T14:37:32.211Z] E0619 20:07:32.210435   17080 watch.go:116] watchAllDir unable to walk dir `f:\JOB BOARD\dataconnect`: GetFileAttributesEx f:\JOB BOARD\dataconnect: The system cannot find the file specified.
 {"metadata":{"emulator":{"name":"dataconnect"},"message":"E0619 20:07:32.210435   17080 watch.go:116] watchAllDir unable to walk dir `f:\\JOB BOARD\\dataconnect`: GetFileAttributesEx f:\\JOB BOARD\\dataconnect: The system cannot find the file specified.\n"}}
[debug] [2026-06-19T14:37:32.213Z] E0619 20:07:32.211071   17080 watch.go:40] Failed to load config from "f:\\JOB BOARD\\dataconnect": could not find dataconnect.yaml in `f:\JOB BOARD\dataconnect`
 {"metadata":{"emulator":{"name":"dataconnect"},"message":"E0619 20:07:32.211071   17080 watch.go:40] Failed to load config from \"f:\\\\JOB BOARD\\\\dataconnect\": could not find dataconnect.yaml in `f:\\JOB BOARD\\dataconnect`\n"}}
[debug] [2026-06-19T14:37:42.211Z] E0619 20:07:42.211163   17080 watch.go:40] Failed to load config from "f:\\JOB BOARD\\dataconnect": could not find dataconnect.yaml in `f:\JOB BOARD\dataconnect`
 {"metadata":{"emulator":{"name":"dataconnect"},"message":"E0619 20:07:42.211163   17080 watch.go:40] Failed to load config from \"f:\\\\JOB BOARD\\\\dataconnect\": could not find dataconnect.yaml in `f:\\JOB BOARD\\dataconnect`\n"}}
[debug] [2026-06-19T14:37:52.210Z] E0619 20:07:52.211114   17080 watch.go:40] Failed to load config from "f:\\JOB BOARD\\dataconnect": could not find dataconnect.yaml in `f:\JOB BOARD\dataconnect`
 {"metadata":{"emulator":{"name":"dataconnect"},"message":"E0619 20:07:52.211114   17080 watch.go:40] Failed to load config from \"f:\\\\JOB BOARD\\\\dataconnect\": could not find dataconnect.yaml in `f:\\JOB BOARD\\dataconnect`\n"}}
[debug] [2026-06-19T14:38:02.210Z] E0619 20:08:02.210510   17080 watch.go:40] Failed to load config from "f:\\JOB BOARD\\dataconnect": could not find dataconnect.yaml in `f:\JOB BOARD\dataconnect`
 {"metadata":{"emulator":{"name":"dataconnect"},"message":"E0619 20:08:02.210510   17080 watch.go:40] Failed to load config from \"f:\\\\JOB BOARD\\\\dataconnect\": could not find dataconnect.yaml in `f:\\JOB BOARD\\dataconnect`\n"}}
[debug] [2026-06-19T14:38:12.210Z] E0619 20:08:12.211011   17080 watch.go:40] Failed to load config from "f:\\JOB BOARD\\dataconnect": could not find dataconnect.yaml in `f:\JOB BOARD\dataconnect`
 {"metadata":{"emulator":{"name":"dataconnect"},"message":"E0619 20:08:12.211011   17080 watch.go:40] Failed to load config from \"f:\\\\JOB BOARD\\\\dataconnect\": could not find dataconnect.yaml in `f:\\JOB BOARD\\dataconnect`\n"}}
[debug] [2026-06-19T14:38:22.212Z] E0619 20:08:22.211487   17080 watch.go:40] Failed to load config from "f:\\JOB BOARD\\dataconnect": could not find dataconnect.yaml in `f:\JOB BOARD\dataconnect`
 {"metadata":{"emulator":{"name":"dataconnect"},"message":"E0619 20:08:22.211487   17080 watch.go:40] Failed to load config from \"f:\\\\JOB BOARD\\\\dataconnect\": could not find dataconnect.yaml in `f:\\JOB BOARD\\dataconnect`\n"}}
[debug] [2026-06-19T14:38:32.211Z] E0619 20:08:32.211342   17080 watch.go:116] watchAllDir unable to walk dir `f:\JOB BOARD\dataconnect`: GetFileAttributesEx f:\JOB BOARD\dataconnect: The system cannot find the file specified.
 {"metadata":{"emulator":{"name":"dataconnect"},"message":"E0619 20:08:32.211342   17080 watch.go:116] watchAllDir unable to walk dir `f:\\JOB BOARD\\dataconnect`: GetFileAttributesEx f:\\JOB BOARD\\dataconnect: The system cannot find the file specified.\n"}}
[debug] [2026-06-19T14:38:32.215Z] E0619 20:08:32.212083   17080 watch.go:40] Failed to load config from "f:\\JOB BOARD\\dataconnect": could not find dataconnect.yaml in `f:\JOB BOARD\dataconnect`
 {"metadata":{"emulator":{"name":"dataconnect"},"message":"E0619 20:08:32.212083   17080 watch.go:40] Failed to load config from \"f:\\\\JOB BOARD\\\\dataconnect\": could not find dataconnect.yaml in `f:\\JOB BOARD\\dataconnect`\n"}}
[debug] [2026-06-19T14:38:42.212Z] E0619 20:08:42.212620   17080 watch.go:40] Failed to load config from "f:\\JOB BOARD\\dataconnect": could not find dataconnect.yaml in `f:\JOB BOARD\dataconnect`
 {"metadata":{"emulator":{"name":"dataconnect"},"message":"E0619 20:08:42.212620   17080 watch.go:40] Failed to load config from \"f:\\\\JOB BOARD\\\\dataconnect\": could not find dataconnect.yaml in `f:\\JOB BOARD\\dataconnect`\n"}}
[debug] [2026-06-19T14:38:52.213Z] E0619 20:08:52.212622   17080 watch.go:40] Failed to load config from "f:\\JOB BOARD\\dataconnect": could not find dataconnect.yaml in `f:\JOB BOARD\dataconnect`
 {"metadata":{"emulator":{"name":"dataconnect"},"message":"E0619 20:08:52.212622   17080 watch.go:40] Failed to load config from \"f:\\\\JOB BOARD\\\\dataconnect\": could not find dataconnect.yaml in `f:\\JOB BOARD\\dataconnect`\n"}}
[debug] [2026-06-19T14:39:02.212Z] E0619 20:09:02.211536   17080 watch.go:40] Failed to load config from "f:\\JOB BOARD\\dataconnect": could not find dataconnect.yaml in `f:\JOB BOARD\dataconnect`
 {"metadata":{"emulator":{"name":"dataconnect"},"message":"E0619 20:09:02.211536   17080 watch.go:40] Failed to load config from \"f:\\\\JOB BOARD\\\\dataconnect\": could not find dataconnect.yaml in `f:\\JOB BOARD\\dataconnect`\n"}}
[debug] [2026-06-19T14:39:12.209Z] E0619 20:09:12.210404   17080 watch.go:40] Failed to load config from "f:\\JOB BOARD\\dataconnect": could not find dataconnect.yaml in `f:\JOB BOARD\dataconnect`
 {"metadata":{"emulator":{"name":"dataconnect"},"message":"E0619 20:09:12.210404   17080 watch.go:40] Failed to load config from \"f:\\\\JOB BOARD\\\\dataconnect\": could not find dataconnect.yaml in `f:\\JOB BOARD\\dataconnect`\n"}}
[debug] [2026-06-19T14:39:22.210Z] E0619 20:09:22.210651   17080 watch.go:40] Failed to load config from "f:\\JOB BOARD\\dataconnect": could not find dataconnect.yaml in `f:\JOB BOARD\dataconnect`
 {"metadata":{"emulator":{"name":"dataconnect"},"message":"E0619 20:09:22.210651   17080 watch.go:40] Failed to load config from \"f:\\\\JOB BOARD\\\\dataconnect\": could not find dataconnect.yaml in `f:\\JOB BOARD\\dataconnect`\n"}}
[debug] [2026-06-19T14:39:32.210Z] E0619 20:09:32.210714   17080 watch.go:40] Failed to load config from "f:\\JOB BOARD\\dataconnect": could not find dataconnect.yaml in `f:\JOB BOARD\dataconnect`
 {"metadata":{"emulator":{"name":"dataconnect"},"message":"E0619 20:09:32.210714   17080 watch.go:40] Failed to load config from \"f:\\\\JOB BOARD\\\\dataconnect\": could not find dataconnect.yaml in `f:\\JOB BOARD\\dataconnect`\n"}}
[debug] [2026-06-19T14:39:32.214Z] E0619 20:09:32.210714   17080 watch.go:116] watchAllDir unable to walk dir `f:\JOB BOARD\dataconnect`: GetFileAttributesEx f:\JOB BOARD\dataconnect: The system cannot find the file specified.
 {"metadata":{"emulator":{"name":"dataconnect"},"message":"E0619 20:09:32.210714   17080 watch.go:116] watchAllDir unable to walk dir `f:\\JOB BOARD\\dataconnect`: GetFileAttributesEx f:\\JOB BOARD\\dataconnect: The system cannot find the file specified.\n"}}
[debug] [2026-06-19T14:39:42.209Z] E0619 20:09:42.210053   17080 watch.go:40] Failed to load config from "f:\\JOB BOARD\\dataconnect": could not find dataconnect.yaml in `f:\JOB BOARD\dataconnect`
 {"metadata":{"emulator":{"name":"dataconnect"},"message":"E0619 20:09:42.210053   17080 watch.go:40] Failed to load config from \"f:\\\\JOB BOARD\\\\dataconnect\": could not find dataconnect.yaml in `f:\\JOB BOARD\\dataconnect`\n"}}
[debug] [2026-06-19T14:39:52.211Z] E0619 20:09:52.211326   17080 watch.go:40] Failed to load config from "f:\\JOB BOARD\\dataconnect": could not find dataconnect.yaml in `f:\JOB BOARD\dataconnect`
 {"metadata":{"emulator":{"name":"dataconnect"},"message":"E0619 20:09:52.211326   17080 watch.go:40] Failed to load config from \"f:\\\\JOB BOARD\\\\dataconnect\": could not find dataconnect.yaml in `f:\\JOB BOARD\\dataconnect`\n"}}
[debug] [2026-06-19T14:40:02.211Z] E0619 20:10:02.211419   17080 watch.go:40] Failed to load config from "f:\\JOB BOARD\\dataconnect": could not find dataconnect.yaml in `f:\JOB BOARD\dataconnect`
 {"metadata":{"emulator":{"name":"dataconnect"},"message":"E0619 20:10:02.211419   17080 watch.go:40] Failed to load config from \"f:\\\\JOB BOARD\\\\dataconnect\": could not find dataconnect.yaml in `f:\\JOB BOARD\\dataconnect`\n"}}
[debug] [2026-06-19T14:40:12.211Z] E0619 20:10:12.210644   17080 watch.go:40] Failed to load config from "f:\\JOB BOARD\\dataconnect": could not find dataconnect.yaml in `f:\JOB BOARD\dataconnect`
 {"metadata":{"emulator":{"name":"dataconnect"},"message":"E0619 20:10:12.210644   17080 watch.go:40] Failed to load config from \"f:\\\\JOB BOARD\\\\dataconnect\": could not find dataconnect.yaml in `f:\\JOB BOARD\\dataconnect`\n"}}
[debug] [2026-06-19T14:40:22.210Z] E0619 20:10:22.210768   17080 watch.go:40] Failed to load config from "f:\\JOB BOARD\\dataconnect": could not find dataconnect.yaml in `f:\JOB BOARD\dataconnect`
 {"metadata":{"emulator":{"name":"dataconnect"},"message":"E0619 20:10:22.210768   17080 watch.go:40] Failed to load config from \"f:\\\\JOB BOARD\\\\dataconnect\": could not find dataconnect.yaml in `f:\\JOB BOARD\\dataconnect`\n"}}
[debug] [2026-06-19T14:40:32.210Z] E0619 20:10:32.210322   17080 watch.go:116] watchAllDir unable to walk dir `f:\JOB BOARD\dataconnect`: GetFileAttributesEx f:\JOB BOARD\dataconnect: The system cannot find the file specified.
E0619 20:10:32.210952   17080 watch.go:40] Failed to load config from "f:\\JOB BOARD\\dataconnect": could not find dataconnect.yaml in `f:\JOB BOARD\dataconnect`
 {"metadata":{"emulator":{"name":"dataconnect"},"message":"E0619 20:10:32.210322   17080 watch.go:116] watchAllDir unable to walk dir `f:\\JOB BOARD\\dataconnect`: GetFileAttributesEx f:\\JOB BOARD\\dataconnect: The system cannot find the file specified.\nE0619 20:10:32.210952   17080 watch.go:40] Failed to load config from \"f:\\\\JOB BOARD\\\\dataconnect\": could not find dataconnect.yaml in `f:\\JOB BOARD\\dataconnect`\n"}}
[debug] [2026-06-19T14:40:42.212Z] E0619 20:10:42.211377   17080 watch.go:40] Failed to load config from "f:\\JOB BOARD\\dataconnect": could not find dataconnect.yaml in `f:\JOB BOARD\dataconnect`
 {"metadata":{"emulator":{"name":"dataconnect"},"message":"E0619 20:10:42.211377   17080 watch.go:40] Failed to load config from \"f:\\\\JOB BOARD\\\\dataconnect\": could not find dataconnect.yaml in `f:\\JOB BOARD\\dataconnect`\n"}}
[debug] [2026-06-19T14:40:52.211Z] E0619 20:10:52.210981   17080 watch.go:40] Failed to load config from "f:\\JOB BOARD\\dataconnect": could not find dataconnect.yaml in `f:\JOB BOARD\dataconnect`
 {"metadata":{"emulator":{"name":"dataconnect"},"message":"E0619 20:10:52.210981   17080 watch.go:40] Failed to load config from \"f:\\\\JOB BOARD\\\\dataconnect\": could not find dataconnect.yaml in `f:\\JOB BOARD\\dataconnect`\n"}}
[debug] [2026-06-19T14:41:02.212Z] E0619 20:11:02.211540   17080 watch.go:40] Failed to load config from "f:\\JOB BOARD\\dataconnect": could not find dataconnect.yaml in `f:\JOB BOARD\dataconnect`
 {"metadata":{"emulator":{"name":"dataconnect"},"message":"E0619 20:11:02.211540   17080 watch.go:40] Failed to load config from \"f:\\\\JOB BOARD\\\\dataconnect\": could not find dataconnect.yaml in `f:\\JOB BOARD\\dataconnect`\n"}}
[debug] [2026-06-19T14:41:12.210Z] E0619 20:11:12.210543   17080 watch.go:40] Failed to load config from "f:\\JOB BOARD\\dataconnect": could not find dataconnect.yaml in `f:\JOB BOARD\dataconnect`
 {"metadata":{"emulator":{"name":"dataconnect"},"message":"E0619 20:11:12.210543   17080 watch.go:40] Failed to load config from \"f:\\\\JOB BOARD\\\\dataconnect\": could not find dataconnect.yaml in `f:\\JOB BOARD\\dataconnect`\n"}}
[debug] [2026-06-19T14:41:22.210Z] E0619 20:11:22.210419   17080 watch.go:40] Failed to load config from "f:\\JOB BOARD\\dataconnect": could not find dataconnect.yaml in `f:\JOB BOARD\dataconnect`
 {"metadata":{"emulator":{"name":"dataconnect"},"message":"E0619 20:11:22.210419   17080 watch.go:40] Failed to load config from \"f:\\\\JOB BOARD\\\\dataconnect\": could not find dataconnect.yaml in `f:\\JOB BOARD\\dataconnect`\n"}}
[debug] [2026-06-19T14:41:32.211Z] E0619 20:11:32.210611   17080 watch.go:116] watchAllDir unable to walk dir `f:\JOB BOARD\dataconnect`: GetFileAttributesEx f:\JOB BOARD\dataconnect: The system cannot find the file specified.
E0619 20:11:32.211138   17080 watch.go:40] Failed to load config from "f:\\JOB BOARD\\dataconnect": could not find dataconnect.yaml in `f:\JOB BOARD\dataconnect`
 {"metadata":{"emulator":{"name":"dataconnect"},"message":"E0619 20:11:32.210611   17080 watch.go:116] watchAllDir unable to walk dir `f:\\JOB BOARD\\dataconnect`: GetFileAttributesEx f:\\JOB BOARD\\dataconnect: The system cannot find the file specified.\nE0619 20:11:32.211138   17080 watch.go:40] Failed to load config from \"f:\\\\JOB BOARD\\\\dataconnect\": could not find dataconnect.yaml in `f:\\JOB BOARD\\dataconnect`\n"}}
[debug] [2026-06-19T14:41:42.212Z] E0619 20:11:42.211589   17080 watch.go:40] Failed to load config from "f:\\JOB BOARD\\dataconnect": could not find dataconnect.yaml in `f:\JOB BOARD\dataconnect`
 {"metadata":{"emulator":{"name":"dataconnect"},"message":"E0619 20:11:42.211589   17080 watch.go:40] Failed to load config from \"f:\\\\JOB BOARD\\\\dataconnect\": could not find dataconnect.yaml in `f:\\JOB BOARD\\dataconnect`\n"}}
[debug] [2026-06-19T14:41:52.211Z] E0619 20:11:52.211648   17080 watch.go:40] Failed to load config from "f:\\JOB BOARD\\dataconnect": could not find dataconnect.yaml in `f:\JOB BOARD\dataconnect`
 {"metadata":{"emulator":{"name":"dataconnect"},"message":"E0619 20:11:52.211648   17080 watch.go:40] Failed to load config from \"f:\\\\JOB BOARD\\\\dataconnect\": could not find dataconnect.yaml in `f:\\JOB BOARD\\dataconnect`\n"}}
[debug] [2026-06-19T14:42:02.211Z] E0619 20:12:02.211181   17080 watch.go:40] Failed to load config from "f:\\JOB BOARD\\dataconnect": could not find dataconnect.yaml in `f:\JOB BOARD\dataconnect`
 {"metadata":{"emulator":{"name":"dataconnect"},"message":"E0619 20:12:02.211181   17080 watch.go:40] Failed to load config from \"f:\\\\JOB BOARD\\\\dataconnect\": could not find dataconnect.yaml in `f:\\JOB BOARD\\dataconnect`\n"}}
[debug] [2026-06-19T14:42:12.211Z] E0619 20:12:12.211268   17080 watch.go:40] Failed to load config from "f:\\JOB BOARD\\dataconnect": could not find dataconnect.yaml in `f:\JOB BOARD\dataconnect`
 {"metadata":{"emulator":{"name":"dataconnect"},"message":"E0619 20:12:12.211268   17080 watch.go:40] Failed to load config from \"f:\\\\JOB BOARD\\\\dataconnect\": could not find dataconnect.yaml in `f:\\JOB BOARD\\dataconnect`\n"}}
[debug] [2026-06-19T14:42:22.211Z] E0619 20:12:22.211525   17080 watch.go:40] Failed to load config from "f:\\JOB BOARD\\dataconnect": could not find dataconnect.yaml in `f:\JOB BOARD\dataconnect`
 {"metadata":{"emulator":{"name":"dataconnect"},"message":"E0619 20:12:22.211525   17080 watch.go:40] Failed to load config from \"f:\\\\JOB BOARD\\\\dataconnect\": could not find dataconnect.yaml in `f:\\JOB BOARD\\dataconnect`\n"}}
[debug] [2026-06-19T14:42:32.210Z] E0619 20:12:32.210564   17080 watch.go:116] watchAllDir unable to walk dir `f:\JOB BOARD\dataconnect`: GetFileAttributesEx f:\JOB BOARD\dataconnect: The system cannot find the file specified.
E0619 20:12:32.210564   17080 watch.go:40] Failed to load config from "f:\\JOB BOARD\\dataconnect": could not find dataconnect.yaml in `f:\JOB BOARD\dataconnect`
 {"metadata":{"emulator":{"name":"dataconnect"},"message":"E0619 20:12:32.210564   17080 watch.go:116] watchAllDir unable to walk dir `f:\\JOB BOARD\\dataconnect`: GetFileAttributesEx f:\\JOB BOARD\\dataconnect: The system cannot find the file specified.\nE0619 20:12:32.210564   17080 watch.go:40] Failed to load config from \"f:\\\\JOB BOARD\\\\dataconnect\": could not find dataconnect.yaml in `f:\\JOB BOARD\\dataconnect`\n"}}
[debug] [2026-06-19T14:42:42.211Z] E0619 20:12:42.210822   17080 watch.go:40] Failed to load config from "f:\\JOB BOARD\\dataconnect": could not find dataconnect.yaml in `f:\JOB BOARD\dataconnect`
 {"metadata":{"emulator":{"name":"dataconnect"},"message":"E0619 20:12:42.210822   17080 watch.go:40] Failed to load config from \"f:\\\\JOB BOARD\\\\dataconnect\": could not find dataconnect.yaml in `f:\\JOB BOARD\\dataconnect`\n"}}
[debug] [2026-06-19T14:42:52.210Z] E0619 20:12:52.210757   17080 watch.go:40] Failed to load config from "f:\\JOB BOARD\\dataconnect": could not find dataconnect.yaml in `f:\JOB BOARD\dataconnect`
 {"metadata":{"emulator":{"name":"dataconnect"},"message":"E0619 20:12:52.210757   17080 watch.go:40] Failed to load config from \"f:\\\\JOB BOARD\\\\dataconnect\": could not find dataconnect.yaml in `f:\\JOB BOARD\\dataconnect`\n"}}
[debug] [2026-06-19T14:43:02.213Z] E0619 20:13:02.212673   17080 watch.go:40] Failed to load config from "f:\\JOB BOARD\\dataconnect": could not find dataconnect.yaml in `f:\JOB BOARD\dataconnect`
 {"metadata":{"emulator":{"name":"dataconnect"},"message":"E0619 20:13:02.212673   17080 watch.go:40] Failed to load config from \"f:\\\\JOB BOARD\\\\dataconnect\": could not find dataconnect.yaml in `f:\\JOB BOARD\\dataconnect`\n"}}
[debug] [2026-06-19T14:43:12.210Z] E0619 20:13:12.210608   17080 watch.go:40] Failed to load config from "f:\\JOB BOARD\\dataconnect": could not find dataconnect.yaml in `f:\JOB BOARD\dataconnect`
 {"metadata":{"emulator":{"name":"dataconnect"},"message":"E0619 20:13:12.210608   17080 watch.go:40] Failed to load config from \"f:\\\\JOB BOARD\\\\dataconnect\": could not find dataconnect.yaml in `f:\\JOB BOARD\\dataconnect`\n"}}
[debug] [2026-06-19T14:43:22.209Z] E0619 20:13:22.210217   17080 watch.go:40] Failed to load config from "f:\\JOB BOARD\\dataconnect": could not find dataconnect.yaml in `f:\JOB BOARD\dataconnect`
 {"metadata":{"emulator":{"name":"dataconnect"},"message":"E0619 20:13:22.210217   17080 watch.go:40] Failed to load config from \"f:\\\\JOB BOARD\\\\dataconnect\": could not find dataconnect.yaml in `f:\\JOB BOARD\\dataconnect`\n"}}
[debug] [2026-06-19T14:43:32.211Z] E0619 20:13:32.210472   17080 watch.go:116] watchAllDir unable to walk dir `f:\JOB BOARD\dataconnect`: GetFileAttributesEx f:\JOB BOARD\dataconnect: The system cannot find the file specified.
E0619 20:13:32.211188   17080 watch.go:40] Failed to load config from "f:\\JOB BOARD\\dataconnect": could not find dataconnect.yaml in `f:\JOB BOARD\dataconnect`
 {"metadata":{"emulator":{"name":"dataconnect"},"message":"E0619 20:13:32.210472   17080 watch.go:116] watchAllDir unable to walk dir `f:\\JOB BOARD\\dataconnect`: GetFileAttributesEx f:\\JOB BOARD\\dataconnect: The system cannot find the file specified.\nE0619 20:13:32.211188   17080 watch.go:40] Failed to load config from \"f:\\\\JOB BOARD\\\\dataconnect\": could not find dataconnect.yaml in `f:\\JOB BOARD\\dataconnect`\n"}}
[debug] [2026-06-19T14:43:42.216Z] E0619 20:13:42.216334   17080 watch.go:40] Failed to load config from "f:\\JOB BOARD\\dataconnect": could not find dataconnect.yaml in `f:\JOB BOARD\dataconnect`
 {"metadata":{"emulator":{"name":"dataconnect"},"message":"E0619 20:13:42.216334   17080 watch.go:40] Failed to load config from \"f:\\\\JOB BOARD\\\\dataconnect\": could not find dataconnect.yaml in `f:\\JOB BOARD\\dataconnect`\n"}}
[debug] [2026-06-19T14:43:52.210Z] E0619 20:13:52.210364   17080 watch.go:40] Failed to load config from "f:\\JOB BOARD\\dataconnect": could not find dataconnect.yaml in `f:\JOB BOARD\dataconnect`
 {"metadata":{"emulator":{"name":"dataconnect"},"message":"E0619 20:13:52.210364   17080 watch.go:40] Failed to load config from \"f:\\\\JOB BOARD\\\\dataconnect\": could not find dataconnect.yaml in `f:\\JOB BOARD\\dataconnect`\n"}}
[debug] [2026-06-19T14:44:02.212Z] E0619 20:14:02.211569   17080 watch.go:40] Failed to load config from "f:\\JOB BOARD\\dataconnect": could not find dataconnect.yaml in `f:\JOB BOARD\dataconnect`
 {"metadata":{"emulator":{"name":"dataconnect"},"message":"E0619 20:14:02.211569   17080 watch.go:40] Failed to load config from \"f:\\\\JOB BOARD\\\\dataconnect\": could not find dataconnect.yaml in `f:\\JOB BOARD\\dataconnect`\n"}}
[debug] [2026-06-19T14:44:12.212Z] E0619 20:14:12.212146   17080 watch.go:40] Failed to load config from "f:\\JOB BOARD\\dataconnect": could not find dataconnect.yaml in `f:\JOB BOARD\dataconnect`
 {"metadata":{"emulator":{"name":"dataconnect"},"message":"E0619 20:14:12.212146   17080 watch.go:40] Failed to load config from \"f:\\\\JOB BOARD\\\\dataconnect\": could not find dataconnect.yaml in `f:\\JOB BOARD\\dataconnect`\n"}}
[debug] [2026-06-19T14:44:22.211Z] E0619 20:14:22.211314   17080 watch.go:40] Failed to load config from "f:\\JOB BOARD\\dataconnect": could not find dataconnect.yaml in `f:\JOB BOARD\dataconnect`
 {"metadata":{"emulator":{"name":"dataconnect"},"message":"E0619 20:14:22.211314   17080 watch.go:40] Failed to load config from \"f:\\\\JOB BOARD\\\\dataconnect\": could not find dataconnect.yaml in `f:\\JOB BOARD\\dataconnect`\n"}}
[debug] [2026-06-19T14:44:32.212Z] E0619 20:14:32.211464   17080 watch.go:116] watchAllDir unable to walk dir `f:\JOB BOARD\dataconnect`: GetFileAttributesEx f:\JOB BOARD\dataconnect: The system cannot find the file specified.
E0619 20:14:32.211867   17080 watch.go:40] Failed to load config from "f:\\JOB BOARD\\dataconnect": could not find dataconnect.yaml in `f:\JOB BOARD\dataconnect`
 {"metadata":{"emulator":{"name":"dataconnect"},"message":"E0619 20:14:32.211464   17080 watch.go:116] watchAllDir unable to walk dir `f:\\JOB BOARD\\dataconnect`: GetFileAttributesEx f:\\JOB BOARD\\dataconnect: The system cannot find the file specified.\nE0619 20:14:32.211867   17080 watch.go:40] Failed to load config from \"f:\\\\JOB BOARD\\\\dataconnect\": could not find dataconnect.yaml in `f:\\JOB BOARD\\dataconnect`\n"}}
[debug] [2026-06-19T14:44:42.211Z] E0619 20:14:42.211181   17080 watch.go:40] Failed to load config from "f:\\JOB BOARD\\dataconnect": could not find dataconnect.yaml in `f:\JOB BOARD\dataconnect`
 {"metadata":{"emulator":{"name":"dataconnect"},"message":"E0619 20:14:42.211181   17080 watch.go:40] Failed to load config from \"f:\\\\JOB BOARD\\\\dataconnect\": could not find dataconnect.yaml in `f:\\JOB BOARD\\dataconnect`\n"}}
[debug] [2026-06-19T14:44:52.212Z] E0619 20:14:52.211548   17080 watch.go:40] Failed to load config from "f:\\JOB BOARD\\dataconnect": could not find dataconnect.yaml in `f:\JOB BOARD\dataconnect`
 {"metadata":{"emulator":{"name":"dataconnect"},"message":"E0619 20:14:52.211548   17080 watch.go:40] Failed to load config from \"f:\\\\JOB BOARD\\\\dataconnect\": could not find dataconnect.yaml in `f:\\JOB BOARD\\dataconnect`\n"}}
[debug] [2026-06-19T14:45:02.212Z] E0619 20:15:02.211027   17080 watch.go:40] Failed to load config from "f:\\JOB BOARD\\dataconnect": could not find dataconnect.yaml in `f:\JOB BOARD\dataconnect`
 {"metadata":{"emulator":{"name":"dataconnect"},"message":"E0619 20:15:02.211027   17080 watch.go:40] Failed to load config from \"f:\\\\JOB BOARD\\\\dataconnect\": could not find dataconnect.yaml in `f:\\JOB BOARD\\dataconnect`\n"}}
[debug] [2026-06-19T14:45:12.210Z] E0619 20:15:12.210470   17080 watch.go:40] Failed to load config from "f:\\JOB BOARD\\dataconnect": could not find dataconnect.yaml in `f:\JOB BOARD\dataconnect`
 {"metadata":{"emulator":{"name":"dataconnect"},"message":"E0619 20:15:12.210470   17080 watch.go:40] Failed to load config from \"f:\\\\JOB BOARD\\\\dataconnect\": could not find dataconnect.yaml in `f:\\JOB BOARD\\dataconnect`\n"}}
[debug] [2026-06-19T14:45:22.211Z] E0619 20:15:22.211075   17080 watch.go:40] Failed to load config from "f:\\JOB BOARD\\dataconnect": could not find dataconnect.yaml in `f:\JOB BOARD\dataconnect`
 {"metadata":{"emulator":{"name":"dataconnect"},"message":"E0619 20:15:22.211075   17080 watch.go:40] Failed to load config from \"f:\\\\JOB BOARD\\\\dataconnect\": could not find dataconnect.yaml in `f:\\JOB BOARD\\dataconnect`\n"}}
[debug] [2026-06-19T14:45:32.212Z] E0619 20:15:32.211686   17080 watch.go:116] watchAllDir unable to walk dir `f:\JOB BOARD\dataconnect`: GetFileAttributesEx f:\JOB BOARD\dataconnect: The system cannot find the file specified.
E0619 20:15:32.211686   17080 watch.go:40] Failed to load config from "f:\\JOB BOARD\\dataconnect": could not find dataconnect.yaml in `f:\JOB BOARD\dataconnect`
 {"metadata":{"emulator":{"name":"dataconnect"},"message":"E0619 20:15:32.211686   17080 watch.go:116] watchAllDir unable to walk dir `f:\\JOB BOARD\\dataconnect`: GetFileAttributesEx f:\\JOB BOARD\\dataconnect: The system cannot find the file specified.\nE0619 20:15:32.211686   17080 watch.go:40] Failed to load config from \"f:\\\\JOB BOARD\\\\dataconnect\": could not find dataconnect.yaml in `f:\\JOB BOARD\\dataconnect`\n"}}
[debug] [2026-06-19T14:45:42.211Z] E0619 20:15:42.210921   17080 watch.go:40] Failed to load config from "f:\\JOB BOARD\\dataconnect": could not find dataconnect.yaml in `f:\JOB BOARD\dataconnect`
 {"metadata":{"emulator":{"name":"dataconnect"},"message":"E0619 20:15:42.210921   17080 watch.go:40] Failed to load config from \"f:\\\\JOB BOARD\\\\dataconnect\": could not find dataconnect.yaml in `f:\\JOB BOARD\\dataconnect`\n"}}
[debug] [2026-06-19T14:45:52.211Z] E0619 20:15:52.210690   17080 watch.go:40] Failed to load config from "f:\\JOB BOARD\\dataconnect": could not find dataconnect.yaml in `f:\JOB BOARD\dataconnect`
 {"metadata":{"emulator":{"name":"dataconnect"},"message":"E0619 20:15:52.210690   17080 watch.go:40] Failed to load config from \"f:\\\\JOB BOARD\\\\dataconnect\": could not find dataconnect.yaml in `f:\\JOB BOARD\\dataconnect`\n"}}
[debug] [2026-06-19T14:46:02.211Z] E0619 20:16:02.211262   17080 watch.go:40] Failed to load config from "f:\\JOB BOARD\\dataconnect": could not find dataconnect.yaml in `f:\JOB BOARD\dataconnect`
 {"metadata":{"emulator":{"name":"dataconnect"},"message":"E0619 20:16:02.211262   17080 watch.go:40] Failed to load config from \"f:\\\\JOB BOARD\\\\dataconnect\": could not find dataconnect.yaml in `f:\\JOB BOARD\\dataconnect`\n"}}
[debug] [2026-06-19T14:46:12.211Z] E0619 20:16:12.211287   17080 watch.go:40] Failed to load config from "f:\\JOB BOARD\\dataconnect": could not find dataconnect.yaml in `f:\JOB BOARD\dataconnect`
 {"metadata":{"emulator":{"name":"dataconnect"},"message":"E0619 20:16:12.211287   17080 watch.go:40] Failed to load config from \"f:\\\\JOB BOARD\\\\dataconnect\": could not find dataconnect.yaml in `f:\\JOB BOARD\\dataconnect`\n"}}
[debug] [2026-06-19T14:46:22.211Z] E0619 20:16:22.211489   17080 watch.go:40] Failed to load config from "f:\\JOB BOARD\\dataconnect": could not find dataconnect.yaml in `f:\JOB BOARD\dataconnect`
 {"metadata":{"emulator":{"name":"dataconnect"},"message":"E0619 20:16:22.211489   17080 watch.go:40] Failed to load config from \"f:\\\\JOB BOARD\\\\dataconnect\": could not find dataconnect.yaml in `f:\\JOB BOARD\\dataconnect`\n"}}
[debug] [2026-06-19T14:46:32.211Z] E0619 20:16:32.210702   17080 watch.go:116] watchAllDir unable to walk dir `f:\JOB BOARD\dataconnect`: GetFileAttributesEx f:\JOB BOARD\dataconnect: The system cannot find the file specified.
E0619 20:16:32.211391   17080 watch.go:40] Failed to load config from "f:\\JOB BOARD\\dataconnect": could not find dataconnect.yaml in `f:\JOB BOARD\dataconnect`
 {"metadata":{"emulator":{"name":"dataconnect"},"message":"E0619 20:16:32.210702   17080 watch.go:116] watchAllDir unable to walk dir `f:\\JOB BOARD\\dataconnect`: GetFileAttributesEx f:\\JOB BOARD\\dataconnect: The system cannot find the file specified.\nE0619 20:16:32.211391   17080 watch.go:40] Failed to load config from \"f:\\\\JOB BOARD\\\\dataconnect\": could not find dataconnect.yaml in `f:\\JOB BOARD\\dataconnect`\n"}}
[debug] [2026-06-19T14:46:42.211Z] E0619 20:16:42.211228   17080 watch.go:40] Failed to load config from "f:\\JOB BOARD\\dataconnect": could not find dataconnect.yaml in `f:\JOB BOARD\dataconnect`
 {"metadata":{"emulator":{"name":"dataconnect"},"message":"E0619 20:16:42.211228   17080 watch.go:40] Failed to load config from \"f:\\\\JOB BOARD\\\\dataconnect\": could not find dataconnect.yaml in `f:\\JOB BOARD\\dataconnect`\n"}}
[debug] [2026-06-19T14:46:52.211Z] E0619 20:16:52.211072   17080 watch.go:40] Failed to load config from "f:\\JOB BOARD\\dataconnect": could not find dataconnect.yaml in `f:\JOB BOARD\dataconnect`
 {"metadata":{"emulator":{"name":"dataconnect"},"message":"E0619 20:16:52.211072   17080 watch.go:40] Failed to load config from \"f:\\\\JOB BOARD\\\\dataconnect\": could not find dataconnect.yaml in `f:\\JOB BOARD\\dataconnect`\n"}}
[debug] [2026-06-19T14:47:02.211Z] E0619 20:17:02.212003   17080 watch.go:40] Failed to load config from "f:\\JOB BOARD\\dataconnect": could not find dataconnect.yaml in `f:\JOB BOARD\dataconnect`
 {"metadata":{"emulator":{"name":"dataconnect"},"message":"E0619 20:17:02.212003   17080 watch.go:40] Failed to load config from \"f:\\\\JOB BOARD\\\\dataconnect\": could not find dataconnect.yaml in `f:\\JOB BOARD\\dataconnect`\n"}}
[debug] [2026-06-19T14:47:12.211Z] E0619 20:17:12.211646   17080 watch.go:40] Failed to load config from "f:\\JOB BOARD\\dataconnect": could not find dataconnect.yaml in `f:\JOB BOARD\dataconnect`
 {"metadata":{"emulator":{"name":"dataconnect"},"message":"E0619 20:17:12.211646   17080 watch.go:40] Failed to load config from \"f:\\\\JOB BOARD\\\\dataconnect\": could not find dataconnect.yaml in `f:\\JOB BOARD\\dataconnect`\n"}}
[debug] [2026-06-19T14:47:22.211Z] E0619 20:17:22.211747   17080 watch.go:40] Failed to load config from "f:\\JOB BOARD\\dataconnect": could not find dataconnect.yaml in `f:\JOB BOARD\dataconnect`
 {"metadata":{"emulator":{"name":"dataconnect"},"message":"E0619 20:17:22.211747   17080 watch.go:40] Failed to load config from \"f:\\\\JOB BOARD\\\\dataconnect\": could not find dataconnect.yaml in `f:\\JOB BOARD\\dataconnect`\n"}}
[debug] [2026-06-19T14:47:32.211Z] E0619 20:17:32.211402   17080 watch.go:116] watchAllDir unable to walk dir `f:\JOB BOARD\dataconnect`: GetFileAttributesEx f:\JOB BOARD\dataconnect: The system cannot find the file specified.
 {"metadata":{"emulator":{"name":"dataconnect"},"message":"E0619 20:17:32.211402   17080 watch.go:116] watchAllDir unable to walk dir `f:\\JOB BOARD\\dataconnect`: GetFileAttributesEx f:\\JOB BOARD\\dataconnect: The system cannot find the file specified.\n"}}
[debug] [2026-06-19T14:47:32.214Z] E0619 20:17:32.211402   17080 watch.go:40] Failed to load config from "f:\\JOB BOARD\\dataconnect": could not find dataconnect.yaml in `f:\JOB BOARD\dataconnect`
 {"metadata":{"emulator":{"name":"dataconnect"},"message":"E0619 20:17:32.211402   17080 watch.go:40] Failed to load config from \"f:\\\\JOB BOARD\\\\dataconnect\": could not find dataconnect.yaml in `f:\\JOB BOARD\\dataconnect`\n"}}
[debug] [2026-06-19T14:47:42.211Z] E0619 20:17:42.211356   17080 watch.go:40] Failed to load config from "f:\\JOB BOARD\\dataconnect": could not find dataconnect.yaml in `f:\JOB BOARD\dataconnect`
 {"metadata":{"emulator":{"name":"dataconnect"},"message":"E0619 20:17:42.211356   17080 watch.go:40] Failed to load config from \"f:\\\\JOB BOARD\\\\dataconnect\": could not find dataconnect.yaml in `f:\\JOB BOARD\\dataconnect`\n"}}
[debug] [2026-06-19T14:47:52.211Z] E0619 20:17:52.211212   17080 watch.go:40] Failed to load config from "f:\\JOB BOARD\\dataconnect": could not find dataconnect.yaml in `f:\JOB BOARD\dataconnect`
 {"metadata":{"emulator":{"name":"dataconnect"},"message":"E0619 20:17:52.211212   17080 watch.go:40] Failed to load config from \"f:\\\\JOB BOARD\\\\dataconnect\": could not find dataconnect.yaml in `f:\\JOB BOARD\\dataconnect`\n"}}
[debug] [2026-06-19T14:48:02.211Z] E0619 20:18:02.210959   17080 watch.go:40] Failed to load config from "f:\\JOB BOARD\\dataconnect": could not find dataconnect.yaml in `f:\JOB BOARD\dataconnect`
 {"metadata":{"emulator":{"name":"dataconnect"},"message":"E0619 20:18:02.210959   17080 watch.go:40] Failed to load config from \"f:\\\\JOB BOARD\\\\dataconnect\": could not find dataconnect.yaml in `f:\\JOB BOARD\\dataconnect`\n"}}
[debug] [2026-06-19T14:48:12.211Z] E0619 20:18:12.210532   17080 watch.go:40] Failed to load config from "f:\\JOB BOARD\\dataconnect": could not find dataconnect.yaml in `f:\JOB BOARD\dataconnect`
 {"metadata":{"emulator":{"name":"dataconnect"},"message":"E0619 20:18:12.210532   17080 watch.go:40] Failed to load config from \"f:\\\\JOB BOARD\\\\dataconnect\": could not find dataconnect.yaml in `f:\\JOB BOARD\\dataconnect`\n"}}
[debug] [2026-06-19T14:48:22.212Z] E0619 20:18:22.211414   17080 watch.go:40] Failed to load config from "f:\\JOB BOARD\\dataconnect": could not find dataconnect.yaml in `f:\JOB BOARD\dataconnect`
 {"metadata":{"emulator":{"name":"dataconnect"},"message":"E0619 20:18:22.211414   17080 watch.go:40] Failed to load config from \"f:\\\\JOB BOARD\\\\dataconnect\": could not find dataconnect.yaml in `f:\\JOB BOARD\\dataconnect`\n"}}
[debug] [2026-06-19T14:48:32.211Z] E0619 20:18:32.210332   17080 watch.go:116] watchAllDir unable to walk dir `f:\JOB BOARD\dataconnect`: GetFileAttributesEx f:\JOB BOARD\dataconnect: The system cannot find the file specified.
E0619 20:18:32.210332   17080 watch.go:40] Failed to load config from "f:\\JOB BOARD\\dataconnect": could not find dataconnect.yaml in `f:\JOB BOARD\dataconnect`
 {"metadata":{"emulator":{"name":"dataconnect"},"message":"E0619 20:18:32.210332   17080 watch.go:116] watchAllDir unable to walk dir `f:\\JOB BOARD\\dataconnect`: GetFileAttributesEx f:\\JOB BOARD\\dataconnect: The system cannot find the file specified.\nE0619 20:18:32.210332   17080 watch.go:40] Failed to load config from \"f:\\\\JOB BOARD\\\\dataconnect\": could not find dataconnect.yaml in `f:\\JOB BOARD\\dataconnect`\n"}}
[debug] [2026-06-19T14:48:42.210Z] E0619 20:18:42.210463   17080 watch.go:40] Failed to load config from "f:\\JOB BOARD\\dataconnect": could not find dataconnect.yaml in `f:\JOB BOARD\dataconnect`
 {"metadata":{"emulator":{"name":"dataconnect"},"message":"E0619 20:18:42.210463   17080 watch.go:40] Failed to load config from \"f:\\\\JOB BOARD\\\\dataconnect\": could not find dataconnect.yaml in `f:\\JOB BOARD\\dataconnect`\n"}}
[info] [Firebase Plugin] Stopping SQL Connect toolkit
